<?xml version="1.0" encoding="UTF-8"?>
<!-- Generated by org.testng.reporters.JUnitXMLReporter -->
<testsuite hostname="BCN-JQ585Y2" ignored="0" name="Default test" tests="2" failures="0" timestamp="2020-05-31T23:56:46 CEST" time="21.446" errors="0">
  <testcase name="bannerBehaviorTest" time="2.922" classname="com.franTejada.selenium.test.MyTest"/>
  <testcase name="bannerNavigateInsightsMaritime" time="2.482" classname="com.franTejada.selenium.test.MyTest"/>
</testsuite> <!-- Default test -->
