<?xml version="1.0" encoding="UTF-8"?>
<!-- Generated by org.testng.reporters.JUnitXMLReporter -->
<testsuite hostname="BCN-JQ585Y2" ignored="1" name="Default test" tests="1" failures="0" timestamp="2020-06-01T16:24:44 CEST" time="9.498" errors="0">
  <testcase name="bannerNavigateInsightsMaritime" time="2.898" classname="com.franTejada.selenium.test.MyTest"/>
  <testcase name="bannerBehaviorTest" time="0.0" classname="com.franTejada.selenium.test.MyTest">
    <ignored/>
  </testcase> <!-- bannerBehaviorTest -->
</testsuite> <!-- Default test -->
