<?xml version="1.0" encoding="UTF-8"?>
<testng-results skipped="0" failed="0" total="2" passed="2">
  <reporter-output>
  </reporter-output>
  <suite name="Command line suite" duration-ms="15876" started-at="2020-05-31T22:00:34Z" finished-at="2020-05-31T22:00:49Z">
    <groups>
    </groups>
    <test name="Command line test" duration-ms="15876" started-at="2020-05-31T22:00:34Z" finished-at="2020-05-31T22:00:49Z">
      <class name="com.franTejada.selenium.test.MyTest">
        <test-method status="PASS" signature="setup()[pri:0, instance:com.franTejada.selenium.test.MyTest@3cda1055]" name="setup" is-config="true" duration-ms="5301" started-at="2020-06-01T00:00:34Z" finished-at="2020-06-01T00:00:39Z">
          <reporter-output>
          </reporter-output>
        </test-method> <!-- setup -->
        <test-method status="PASS" signature="bannerBehaviorTest()[pri:0, instance:com.franTejada.selenium.test.MyTest@3cda1055]" name="bannerBehaviorTest" duration-ms="2908" started-at="2020-06-01T00:00:39Z" finished-at="2020-06-01T00:00:42Z">
          <reporter-output>
          </reporter-output>
        </test-method> <!-- bannerBehaviorTest -->
        <test-method status="PASS" signature="endTest()[pri:0, instance:com.franTejada.selenium.test.MyTest@3cda1055]" name="endTest" is-config="true" duration-ms="356" started-at="2020-06-01T00:00:42Z" finished-at="2020-06-01T00:00:42Z">
          <reporter-output>
          </reporter-output>
        </test-method> <!-- endTest -->
        <test-method status="PASS" signature="setup()[pri:0, instance:com.franTejada.selenium.test.MyTest@3cda1055]" name="setup" is-config="true" duration-ms="4580" started-at="2020-06-01T00:00:42Z" finished-at="2020-06-01T00:00:47Z">
          <reporter-output>
          </reporter-output>
        </test-method> <!-- setup -->
        <test-method status="PASS" signature="bannerNavigateInsightsMaritime()[pri:0, instance:com.franTejada.selenium.test.MyTest@3cda1055]" name="bannerNavigateInsightsMaritime" duration-ms="2281" started-at="2020-06-01T00:00:47Z" finished-at="2020-06-01T00:00:49Z">
          <reporter-output>
          </reporter-output>
        </test-method> <!-- bannerNavigateInsightsMaritime -->
        <test-method status="PASS" signature="endTest()[pri:0, instance:com.franTejada.selenium.test.MyTest@3cda1055]" name="endTest" is-config="true" duration-ms="439" started-at="2020-06-01T00:00:49Z" finished-at="2020-06-01T00:00:49Z">
          <reporter-output>
          </reporter-output>
        </test-method> <!-- endTest -->
      </class> <!-- com.franTejada.selenium.test.MyTest -->
    </test> <!-- Command line test -->
  </suite> <!-- Command line suite -->
</testng-results>
