<?xml version="1.0" encoding="UTF-8"?>
<testng-results skipped="0" failed="0" total="1" passed="1">
  <reporter-output>
  </reporter-output>
  <suite name="Command line suite" duration-ms="11060" started-at="2020-05-31T15:25:55Z" finished-at="2020-05-31T15:26:06Z">
    <groups>
    </groups>
    <test name="Command line test" duration-ms="11060" started-at="2020-05-31T15:25:55Z" finished-at="2020-05-31T15:26:06Z">
      <class name="com.franTejada.selenium.test.MyTest">
        <test-method status="PASS" signature="setup()[pri:0, instance:com.franTejada.selenium.test.MyTest@3cda1055]" name="setup" is-config="true" duration-ms="6890" started-at="2020-05-31T17:25:55Z" finished-at="2020-05-31T17:26:02Z">
          <reporter-output>
          </reporter-output>
        </test-method> <!-- setup -->
        <test-method status="PASS" signature="test()[pri:0, instance:com.franTejada.selenium.test.MyTest@3cda1055]" name="test" duration-ms="83" started-at="2020-05-31T17:26:02Z" finished-at="2020-05-31T17:26:02Z">
          <reporter-output>
          </reporter-output>
        </test-method> <!-- test -->
        <test-method status="PASS" signature="endTest()[pri:0, instance:com.franTejada.selenium.test.MyTest@3cda1055]" name="endTest" is-config="true" duration-ms="4077" started-at="2020-05-31T17:26:02Z" finished-at="2020-05-31T17:26:06Z">
          <reporter-output>
          </reporter-output>
        </test-method> <!-- endTest -->
      </class> <!-- com.franTejada.selenium.test.MyTest -->
    </test> <!-- Command line test -->
  </suite> <!-- Command line suite -->
</testng-results>
