<?xml version="1.0" encoding="UTF-8"?>
<testng-results skipped="0" failed="0" ignored="1" total="2" passed="1">
  <reporter-output>
  </reporter-output>
  <suite name="Default suite" duration-ms="9498" started-at="2020-06-01T16:24:35 CEST" finished-at="2020-06-01T16:24:44 CEST">
    <groups>
    </groups>
    <test name="Default test" duration-ms="9498" started-at="2020-06-01T16:24:35 CEST" finished-at="2020-06-01T16:24:44 CEST">
      <class name="com.franTejada.selenium.test.MyTest">
        <test-method status="PASS" signature="setup()[pri:0, instance:com.franTejada.selenium.test.MyTest@1d7acb34]" name="setup" is-config="true" duration-ms="4912" started-at="2020-06-01T16:24:35 CEST" finished-at="2020-06-01T16:24:40 CEST">
          <reporter-output>
          </reporter-output>
        </test-method> <!-- setup -->
        <test-method status="PASS" signature="bannerNavigateInsightsMaritime()[pri:0, instance:com.franTejada.selenium.test.MyTest@1d7acb34]" name="bannerNavigateInsightsMaritime" duration-ms="2898" started-at="2020-06-01T16:24:40 CEST" finished-at="2020-06-01T16:24:43 CEST">
          <reporter-output>
          </reporter-output>
        </test-method> <!-- bannerNavigateInsightsMaritime -->
        <test-method status="PASS" signature="endTest()[pri:0, instance:com.franTejada.selenium.test.MyTest@1d7acb34]" name="endTest" is-config="true" duration-ms="1661" started-at="2020-06-01T16:24:43 CEST" finished-at="2020-06-01T16:24:44 CEST">
          <reporter-output>
          </reporter-output>
        </test-method> <!-- endTest -->
      </class> <!-- com.franTejada.selenium.test.MyTest -->
    </test> <!-- Default test -->
  </suite> <!-- Default suite -->
</testng-results>
