<?xml version="1.0" encoding="UTF-8"?>
<testng-results skipped="0" failed="0" ignored="0" total="1" passed="1">
  <reporter-output>
  </reporter-output>
  <suite name="Default suite" duration-ms="9307" started-at="2020-05-31T17:12:25 CEST" finished-at="2020-05-31T17:12:35 CEST">
    <groups>
    </groups>
    <test name="Default test" duration-ms="9307" started-at="2020-05-31T17:12:25 CEST" finished-at="2020-05-31T17:12:35 CEST">
      <class name="com.franTejada.selenium.test.MyTest">
        <test-method status="PASS" signature="setup()[pri:0, instance:com.franTejada.selenium.test.MyTest@27fe3806]" name="setup" is-config="true" duration-ms="4555" started-at="2020-05-31T17:12:25 CEST" finished-at="2020-05-31T17:12:30 CEST">
          <reporter-output>
          </reporter-output>
        </test-method> <!-- setup -->
        <test-method status="PASS" signature="test()[pri:0, instance:com.franTejada.selenium.test.MyTest@27fe3806]" name="test" duration-ms="407" started-at="2020-05-31T17:12:30 CEST" finished-at="2020-05-31T17:12:30 CEST">
          <reporter-output>
          </reporter-output>
        </test-method> <!-- test -->
        <test-method status="PASS" signature="endTest()[pri:0, instance:com.franTejada.selenium.test.MyTest@27fe3806]" name="endTest" is-config="true" duration-ms="4320" started-at="2020-05-31T17:12:30 CEST" finished-at="2020-05-31T17:12:35 CEST">
          <reporter-output>
          </reporter-output>
        </test-method> <!-- endTest -->
      </class> <!-- com.franTejada.selenium.test.MyTest -->
    </test> <!-- Default test -->
  </suite> <!-- Default suite -->
</testng-results>
